----------------------------------------------------------------
DATE: Tue Nov 2 23:17:48 SAST 2021
Job is running on nodes mscluster25
----------------------------------------------------------------
SLURM: sbatch is running mscluster0.ms.wits.ac.za
SLURM: job ID is 148960
SLURM: submit directory is /home-mscluster/whill/pc/project/game-of-life
SLURM: number of nodes allocated is 1
SLURM: job name is game-of-life
----------------------------------------------------------------

---------------------- Board <rows, columns>: 400 x 400 ----------------------
Seed: 160000
Serial average run time: 1501.40ms


Number of processes: 4 ----------------------
Parallel average run time: 123.80ms

The serial and parallel outputs are the same and correct!

Number of processes: 8 ----------------------
Parallel average run time: 62.80ms

The serial and parallel outputs are the same and correct!

Number of processes: 12 ----------------------
Parallel average run time: 56.80ms

The serial and parallel outputs are the same and correct!

Number of processes: 16 ----------------------
Parallel average run time: 61.40ms

The serial and parallel outputs are the same and correct!


---------------------- Board <rows, columns>: 400 x 800 ----------------------
Seed: 320000
Serial average run time: 3007.00ms


Number of processes: 4 ----------------------
Parallel average run time: 243.60ms

The serial and parallel outputs are the same and correct!

Number of processes: 8 ----------------------
Parallel average run time: 137.20ms

The serial and parallel outputs are the same and correct!

Number of processes: 12 ----------------------
Parallel average run time: 106.20ms

The serial and parallel outputs are the same and correct!

Number of processes: 16 ----------------------
Parallel average run time: 121.80ms

The serial and parallel outputs are the same and correct!


---------------------- Board <rows, columns>: 400 x 1600 ----------------------
Seed: 640000
Serial average run time: 6005.00ms


Number of processes: 4 ----------------------
Parallel average run time: 492.60ms

The serial and parallel outputs are the same and correct!

Number of processes: 8 ----------------------
Parallel average run time: 261.20ms

The serial and parallel outputs are the same and correct!

Number of processes: 12 ----------------------
Parallel average run time: 200.80ms

The serial and parallel outputs are the same and correct!

Number of processes: 16 ----------------------
Parallel average run time: 243.00ms

The serial and parallel outputs are the same and correct!


---------------------- Board <rows, columns>: 400 x 3200 ----------------------
Seed: 1280000
Serial average run time: 12008.80ms


Number of processes: 4 ----------------------
Parallel average run time: 986.40ms

The serial and parallel outputs are the same and correct!

Number of processes: 8 ----------------------
Parallel average run time: 523.20ms

The serial and parallel outputs are the same and correct!

Number of processes: 12 ----------------------
Parallel average run time: 391.20ms

The serial and parallel outputs are the same and correct!

Number of processes: 16 ----------------------
Parallel average run time: 489.00ms

The serial and parallel outputs are the same and correct!


---------------------- Board <rows, columns>: 800 x 400 ----------------------
Seed: 320000
Serial average run time: 3004.00ms


Number of processes: 4 ----------------------
Parallel average run time: 243.20ms

The serial and parallel outputs are the same and correct!

Number of processes: 8 ----------------------
Parallel average run time: 124.20ms

The serial and parallel outputs are the same and correct!

Number of processes: 12 ----------------------
Parallel average run time: 98.20ms

The serial and parallel outputs are the same and correct!

Number of processes: 16 ----------------------
Parallel average run time: 121.40ms

The serial and parallel outputs are the same and correct!


---------------------- Board <rows, columns>: 800 x 800 ----------------------
Seed: 640000
Serial average run time: 6006.60ms


Number of processes: 4 ----------------------
Parallel average run time: 493.60ms

The serial and parallel outputs are the same and correct!

Number of processes: 8 ----------------------
Parallel average run time: 248.60ms

The serial and parallel outputs are the same and correct!

Number of processes: 12 ----------------------
Parallel average run time: 181.40ms

The serial and parallel outputs are the same and correct!

Number of processes: 16 ----------------------
Parallel average run time: 244.80ms

The serial and parallel outputs are the same and correct!


---------------------- Board <rows, columns>: 800 x 1600 ----------------------
Seed: 1280000
Serial average run time: 12007.80ms


Number of processes: 4 ----------------------
Parallel average run time: 987.00ms

The serial and parallel outputs are the same and correct!

Number of processes: 8 ----------------------
Parallel average run time: 523.20ms

The serial and parallel outputs are the same and correct!

Number of processes: 12 ----------------------
Parallel average run time: 361.40ms

The serial and parallel outputs are the same and correct!

Number of processes: 16 ----------------------
Parallel average run time: 490.60ms

The serial and parallel outputs are the same and correct!


---------------------- Board <rows, columns>: 800 x 3200 ----------------------
Seed: 2560000
Serial average run time: 24011.80ms


Number of processes: 4 ----------------------
Parallel average run time: 1975.20ms

The serial and parallel outputs are the same and correct!

Number of processes: 8 ----------------------
Parallel average run time: 1000.20ms

The serial and parallel outputs are the same and correct!

Number of processes: 12 ----------------------
Parallel average run time: 712.80ms

The serial and parallel outputs are the same and correct!

Number of processes: 16 ----------------------
Parallel average run time: 979.60ms

The serial and parallel outputs are the same and correct!


---------------------- Board <rows, columns>: 1600 x 400 ----------------------
Seed: 640000
Serial average run time: 6003.40ms


Number of processes: 4 ----------------------
Parallel average run time: 493.60ms

The serial and parallel outputs are the same and correct!

Number of processes: 8 ----------------------
Parallel average run time: 249.20ms

The serial and parallel outputs are the same and correct!

Number of processes: 12 ----------------------
Parallel average run time: 187.60ms

The serial and parallel outputs are the same and correct!

Number of processes: 16 ----------------------
Parallel average run time: 245.20ms

The serial and parallel outputs are the same and correct!


---------------------- Board <rows, columns>: 1600 x 800 ----------------------
Seed: 1280000
Serial average run time: 12003.80ms


Number of processes: 4 ----------------------
Parallel average run time: 1093.80ms

The serial and parallel outputs are the same and correct!

Number of processes: 8 ----------------------
Parallel average run time: 499.00ms

The serial and parallel outputs are the same and correct!

Number of processes: 12 ----------------------
Parallel average run time: 364.20ms

The serial and parallel outputs are the same and correct!

Number of processes: 16 ----------------------
Parallel average run time: 499.00ms

The serial and parallel outputs are the same and correct!


---------------------- Board <rows, columns>: 1600 x 1600 ----------------------
Seed: 2560000
Serial average run time: 24007.80ms


Number of processes: 4 ----------------------
Parallel average run time: 1980.80ms

The serial and parallel outputs are the same and correct!

Number of processes: 8 ----------------------
Parallel average run time: 998.20ms

The serial and parallel outputs are the same and correct!

Number of processes: 12 ----------------------
Parallel average run time: 744.60ms

The serial and parallel outputs are the same and correct!

Number of processes: 16 ----------------------
Parallel average run time: 980.60ms

The serial and parallel outputs are the same and correct!


---------------------- Board <rows, columns>: 1600 x 3200 ----------------------
Seed: 5120000
Serial average run time: 48011.20ms


Number of processes: 4 ----------------------
Parallel average run time: 3956.80ms

The serial and parallel outputs are the same and correct!

Number of processes: 8 ----------------------
Parallel average run time: 1998.60ms

The serial and parallel outputs are the same and correct!

Number of processes: 12 ----------------------
Parallel average run time: 1463.20ms

The serial and parallel outputs are the same and correct!

Number of processes: 16 ----------------------
Parallel average run time: 2024.20ms

The serial and parallel outputs are the same and correct!


---------------------- Board <rows, columns>: 3200 x 400 ----------------------
Seed: 1280000
Serial average run time: 12003.40ms


Number of processes: 4 ----------------------
Parallel average run time: 989.60ms

The serial and parallel outputs are the same and correct!

Number of processes: 8 ----------------------
Parallel average run time: 499.20ms

The serial and parallel outputs are the same and correct!

Number of processes: 12 ----------------------
Parallel average run time: 358.40ms

The serial and parallel outputs are the same and correct!

Number of processes: 16 ----------------------
Parallel average run time: 491.20ms

The serial and parallel outputs are the same and correct!


---------------------- Board <rows, columns>: 3200 x 800 ----------------------
Seed: 2560000
Serial average run time: 24013.20ms


Number of processes: 4 ----------------------
Parallel average run time: 1988.80ms

The serial and parallel outputs are the same and correct!

Number of processes: 8 ----------------------
Parallel average run time: 1001.60ms

The serial and parallel outputs are the same and correct!

Number of processes: 12 ----------------------
Parallel average run time: 714.60ms

The serial and parallel outputs are the same and correct!

Number of processes: 16 ----------------------
Parallel average run time: 992.80ms

The serial and parallel outputs are the same and correct!


---------------------- Board <rows, columns>: 3200 x 1600 ----------------------
Seed: 5120000
Serial average run time: 48547.20ms


Number of processes: 4 ----------------------
Parallel average run time: 3969.60ms

The serial and parallel outputs are the same and correct!

Number of processes: 8 ----------------------
Parallel average run time: 2008.40ms

The serial and parallel outputs are the same and correct!

Number of processes: 12 ----------------------
Parallel average run time: 1435.60ms

The serial and parallel outputs are the same and correct!

Number of processes: 16 ----------------------
Parallel average run time: 2023.60ms

The serial and parallel outputs are the same and correct!


---------------------- Board <rows, columns>: 3200 x 3200 ----------------------
Seed: 10240000
Serial average run time: 96052.80ms


Number of processes: 4 ----------------------
Parallel average run time: 7921.40ms

The serial and parallel outputs are the same and correct!

Number of processes: 8 ----------------------
Parallel average run time: 4008.00ms

The serial and parallel outputs are the same and correct!

Number of processes: 12 ----------------------
Parallel average run time: 2945.00ms

The serial and parallel outputs are the same and correct!

Number of processes: 16 ----------------------
Parallel average run time: 4098.60ms

The serial and parallel outputs are the same and correct!


---------- Done! ----------
